<?xml version="1.0" encoding="UTF-8"?>
<testng-results skipped="0" failed="0" total="1" passed="1">
  <reporter-output>
  </reporter-output>
  <suite name="Default suite" duration-ms="40790" started-at="2020-04-29T14:51:47Z" finished-at="2020-04-29T14:52:28Z">
    <groups>
    </groups>
    <test name="Default test" duration-ms="40790" started-at="2020-04-29T14:51:47Z" finished-at="2020-04-29T14:52:28Z">
      <class name="demositesprac.Demoautomatregisterpage">
        <test-method status="PASS" signature="registerpageTest()[pri:0, instance:demositesprac.Demoautomatregisterpage@192b07fd]" name="registerpageTest" duration-ms="40726" started-at="2020-04-29T20:21:47Z" finished-at="2020-04-29T20:22:28Z">
          <reporter-output>
          </reporter-output>
        </test-method> <!-- registerpageTest -->
      </class> <!-- demositesprac.Demoautomatregisterpage -->
    </test> <!-- Default test -->
  </suite> <!-- Default suite -->
</testng-results>
